{"name": "test_page_load_time", "status": "failed", "statusDetails": {"message": "AssertionError: Page load too slow: 6.32 seconds", "trace": "self = <tests.test_grafana_home.TestGrafanaHome object at 0x1073423f0>\npage = <Page url='https://play.grafana.org/d/to6j8mh/grafana-play-home'>\n\n    @allure.feature(\"Validate page load time\")\n    @allure.description(\"\"\"\n    GIVEN the user navigates to the Grafana Play homepage\n    WHEN the homepage loads completely\n    THEN the total page load time should be under the defined SLA threshold\n        \"\"\")\n    @pytest.mark.regression\n    def test_page_load_time(self, page):\n        home = HomePage(page)\n        load_time=home.open_home()\n>       home.verify_page_load_time(load_time)\n\ntests/test_grafana_home.py:133: \n_ _ _ _ _ _ _ _ _ _ _ _ _ _ _ _ _ _ _ _ _ _ _ _ _ _ _ _ _ _ _ _ _ _ _ _ _ _ _ _ \n\nself = <pages.home_page.HomePage object at 0x1077acb90>\nload_time = 6.320550918579102, max_seconds = 5\n\n    def verify_page_load_time(self,load_time,max_seconds=5):\n        with allure.step(\"Verify Search\"):\n            allure.attach(\n                str(round(load_time, 2)),\n                name=\"Page Load Time (seconds)\",\n                attachment_type=allure.attachment_type.TEXT\n            )\n>           assert load_time < max_seconds, f\"Page load too slow: {load_time:.2f} seconds\"\n                   ^^^^^^^^^^^^^^^^^^^^^^^\nE           AssertionError: Page load too slow: 6.32 seconds\n\npages/home_page.py:184: AssertionError"}, "description": "\n    GIVEN the user navigates to the Grafana Play homepage\n    WHEN the homepage loads completely\n    THEN the total page load time should be under the defined SLA threshold\n        ", "steps": [{"name": "Open homepage", "status": "passed", "start": 1765644927369, "stop": 1765644933689}, {"name": "Verify Search", "status": "failed", "statusDetails": {"message": "AssertionError: Page load too slow: 6.32 seconds\n", "trace": "  File \"/Users/sunaynatalreja/PycharmProjects/python-playwright-example/pages/home_page.py\", line 184, in verify_page_load_time\n    assert load_time < max_seconds, f\"Page load too slow: {load_time:.2f} seconds\"\n           ^^^^^^^^^^^^^^^^^^^^^^^\n"}, "attachments": [{"name": "Page Load Time (seconds)", "source": "0d467d50-b789-4355-bbee-4e040c5bb265-attachment.txt", "type": "text/plain"}], "start": 1765644933689, "stop": 1765644933690}], "attachments": [{"name": "test_page_load_time_no_step", "source": "61c90cb3-8770-40f5-b0ba-c33af4743d79-attachment.png", "type": "image/png"}], "start": 1765644927368, "stop": 1765644933690, "uuid": "6a64865b-2184-42ad-b33b-d4c81bc8f767", "historyId": "8397bf69fcb05ab28772140107cc1e71", "testCaseId": "8397bf69fcb05ab28772140107cc1e71", "fullName": "tests.test_grafana_home.TestGrafanaHome#test_page_load_time", "labels": [{"name": "feature", "value": "Validate page load time"}, {"name": "tag", "value": "regression"}, {"name": "parentSuite", "value": "tests"}, {"name": "suite", "value": "test_grafana_home"}, {"name": "subSuite", "value": "TestGrafanaHome"}, {"name": "host", "value": "Sunaynas-MacBook-Air.local"}, {"name": "thread", "value": "6732-MainThread"}, {"name": "framework", "value": "pytest"}, {"name": "language", "value": "cpython3"}, {"name": "package", "value": "tests.test_grafana_home"}], "titlePath": ["tests", "test_grafana_home.py", "TestGrafanaHome"]}